{"C:\\Users\\The Flying Sharks\\Desktop\\Formation_From_Scratch_Javascript\\Suite_et_fin\\testjs\\addi.js": {"path":"C:\\Users\\The Flying Sharks\\Desktop\\Formation_From_Scratch_Javascript\\Suite_et_fin\\testjs\\addi.js","statementMap":{"0":{"start":{"line":9,"column":0},"end":{"line":9,"column":13}},"1":{"start":{"line":12,"column":0},"end":{"line":12,"column":22}}},"fnMap":{"0":{"name":"name","decl":{"start":{"line":7,"column":9},"end":{"line":7,"column":13}},"loc":{"start":{"line":7,"column":20},"end":{"line":10,"column":1}},"line":7}},"branchMap":{},"s":{"0":1,"1":1},"f":{"0":1},"b":{},"_coverageSchema":"1a1c01bbd47fc00a2c39e90264f33305004495a9","hash":"98bf0be3212b9c63e48cc5712d643cb3ef445d15"}
,"C:\\Users\\The Flying Sharks\\Desktop\\Formation_From_Scratch_Javascript\\Suite_et_fin\\testjs\\array.js": {"path":"C:\\Users\\The Flying Sharks\\Desktop\\Formation_From_Scratch_Javascript\\Suite_et_fin\\testjs\\array.js","statementMap":{"0":{"start":{"line":2,"column":4},"end":{"line":2,"column":30}},"1":{"start":{"line":7,"column":0},"end":{"line":7,"column":29}}},"fnMap":{"0":{"name":"fusionArray","decl":{"start":{"line":1,"column":9},"end":{"line":1,"column":20}},"loc":{"start":{"line":1,"column":33},"end":{"line":4,"column":1}},"line":1}},"branchMap":{},"s":{"0":1,"1":1},"f":{"0":1},"b":{},"_coverageSchema":"1a1c01bbd47fc00a2c39e90264f33305004495a9","hash":"33107b61ca0631232c7b0cd318288c69bbe1b50f"}
}
